[2025-11-11T20:12:42.599+0000] {local_task_job_runner.py:123} INFO - ::group::Pre task execution logs
[2025-11-11T20:12:42.632+0000] {taskinstance.py:2612} INFO - Dependencies all met for dep_context=non-requeueable deps ti=<TaskInstance: unified_weather_energy_pipeline.initial_weather_history manual__2025-11-11T20:12:38.079204+00:00 [queued]>
[2025-11-11T20:12:42.650+0000] {taskinstance.py:2612} INFO - Dependencies all met for dep_context=requeueable deps ti=<TaskInstance: unified_weather_energy_pipeline.initial_weather_history manual__2025-11-11T20:12:38.079204+00:00 [queued]>
[2025-11-11T20:12:42.651+0000] {taskinstance.py:2865} INFO - Starting attempt 1 of 3
[2025-11-11T20:12:42.677+0000] {taskinstance.py:2888} INFO - Executing <Task(BashOperator): initial_weather_history> on 2025-11-11 20:12:38.079204+00:00
[2025-11-11T20:12:42.692+0000] {standard_task_runner.py:104} INFO - Running: ['airflow', 'tasks', 'run', 'unified_weather_energy_pipeline', 'initial_weather_history', 'manual__2025-11-11T20:12:38.079204+00:00', '--job-id', '21', '--raw', '--subdir', 'DAGS_FOLDER/weather_energy_dag.py', '--cfg-path', '/tmp/tmpujgqx2pk']
[2025-11-11T20:12:42.699+0000] {standard_task_runner.py:105} INFO - Job 21: Subtask initial_weather_history
[2025-11-11T20:12:42.700+0000] {logging_mixin.py:190} WARNING - /home/airflow/.local/lib/python3.12/site-packages/airflow/task/task_runner/standard_task_runner.py:70 DeprecationWarning: This process (pid=1814) is multi-threaded, use of fork() may lead to deadlocks in the child.
[2025-11-11T20:12:42.701+0000] {standard_task_runner.py:72} INFO - Started process 1815 to run task
[2025-11-11T20:12:42.824+0000] {task_command.py:467} INFO - Running <TaskInstance: unified_weather_energy_pipeline.initial_weather_history manual__2025-11-11T20:12:38.079204+00:00 [running]> on host 3962d829321f
[2025-11-11T20:12:42.948+0000] {taskinstance.py:3131} INFO - Exporting env vars: AIRFLOW_CTX_DAG_OWNER='hamza' AIRFLOW_CTX_DAG_ID='unified_weather_energy_pipeline' AIRFLOW_CTX_TASK_ID='initial_weather_history' AIRFLOW_CTX_EXECUTION_DATE='2025-11-11T20:12:38.079204+00:00' AIRFLOW_CTX_TRY_NUMBER='1' AIRFLOW_CTX_DAG_RUN_ID='manual__2025-11-11T20:12:38.079204+00:00'
[2025-11-11T20:12:42.950+0000] {taskinstance.py:731} INFO - ::endgroup::
[2025-11-11T20:12:42.968+0000] {subprocess.py:63} INFO - Tmp dir root location: /tmp
[2025-11-11T20:12:42.970+0000] {subprocess.py:75} INFO - Running command: ['/usr/bin/bash', '-c', 'cd /opt/airflow && PYTHONPATH=/opt/airflow python -m src.pipeline.generator.weather_forecasting']
[2025-11-11T20:12:42.982+0000] {subprocess.py:86} INFO - Output:
[2025-11-11T20:12:48.044+0000] {subprocess.py:93} INFO - 
[2025-11-11T20:12:48.045+0000] {subprocess.py:93} INFO - ================================================================================
[2025-11-11T20:12:48.046+0000] {subprocess.py:93} INFO - 🔎 VÉRIFICATION COVERAGE HISTORIQUE 2024-01-01 00:00:00 → 2025-11-11 23:00:00
[2025-11-11T20:12:48.047+0000] {subprocess.py:93} INFO - ================================================================================
[2025-11-11T20:12:48.047+0000] {subprocess.py:93} INFO - 📉 Existing MIN timestamp: 2024-01-01 00:00:00
[2025-11-11T20:12:48.048+0000] {subprocess.py:93} INFO - 📈 Existing MAX timestamp: 2025-11-11 23:00:00
[2025-11-11T20:12:48.048+0000] {subprocess.py:93} INFO - ✅ Coverage historique vérifié / complété.
[2025-11-11T20:12:48.049+0000] {subprocess.py:93} INFO - 
[2025-11-11T20:12:48.049+0000] {subprocess.py:93} INFO - ================================================================================
[2025-11-11T20:12:48.050+0000] {subprocess.py:93} INFO - 🔄 BACKFILL DES PRÉVISIONS AVEC DONNÉES RÉELLES
[2025-11-11T20:12:48.050+0000] {subprocess.py:93} INFO - ================================================================================
[2025-11-11T20:12:48.050+0000] {subprocess.py:93} INFO - 📍 Prévisions passées trouvées: 2024-01-01 00:00:00 → 2025-11-11 20:00:00
[2025-11-11T20:12:48.051+0000] {subprocess.py:93} INFO - 🔄 Remplacement par données réelles...
[2025-11-11T20:12:48.051+0000] {subprocess.py:93} INFO - 
[2025-11-11T20:12:48.052+0000] {subprocess.py:93} INFO - ================================================================================
[2025-11-11T20:12:48.052+0000] {subprocess.py:93} INFO - 📚 BACKFILL HISTORIQUE 2024-01-01 00:00:00 → 2025-11-11 20:00:00
[2025-11-11T20:12:48.052+0000] {subprocess.py:93} INFO - ================================================================================
[2025-11-11T20:12:48.052+0000] {subprocess.py:93} INFO - 📦 Fichier CSV historique créé: /opt/airflow/data/meteo_casablanca_historique_20251111_201246.csv
[2025-11-11T20:12:48.053+0000] {subprocess.py:93} INFO - 📊 Nombre total d'heures (filtrées): 16341
[2025-11-11T20:12:48.053+0000] {subprocess.py:93} INFO - 🕐 Période (effective): 2024-01-01 00:00 → 2025-11-11 23:00
[2025-11-11T20:12:48.054+0000] {subprocess.py:93} INFO - 🌐 Source: Open-Meteo Historical API
[2025-11-11T20:12:48.055+0000] {subprocess.py:93} INFO - ⚠️  Utilisation de la fonction legacy - redirection vers UPSERT
[2025-11-11T20:12:48.055+0000] {subprocess.py:93} INFO - 🔄 Création de la table temporaire...
[2025-11-11T20:12:48.056+0000] {subprocess.py:93} INFO - 📥 Chargement des données dans la table temporaire...
[2025-11-11T20:12:48.056+0000] {subprocess.py:93} INFO - 🔄 Mise à jour des prévisions existantes...
[2025-11-11T20:12:48.056+0000] {subprocess.py:93} INFO - ➕ Insertion des nouvelles prévisions...
[2025-11-11T20:12:48.056+0000] {subprocess.py:93} INFO - 
[2025-11-11T20:12:48.057+0000] {subprocess.py:93} INFO - ================================================================================
[2025-11-11T20:12:48.057+0000] {subprocess.py:93} INFO - ✅ UPSERT TERMINÉ
[2025-11-11T20:12:48.058+0000] {subprocess.py:93} INFO - 🔄 Lignes mises à jour: 16341
[2025-11-11T20:12:48.058+0000] {subprocess.py:93} INFO - ➕ Nouvelles lignes insérées: 0
[2025-11-11T20:12:48.059+0000] {subprocess.py:93} INFO - 📊 Total traité: 16341 lignes
[2025-11-11T20:12:48.059+0000] {subprocess.py:93} INFO - ================================================================================
[2025-11-11T20:12:48.060+0000] {subprocess.py:93} INFO - ✅ Backfill des prévisions terminé
[2025-11-11T20:12:48.061+0000] {subprocess.py:93} INFO - 
[2025-11-11T20:12:48.061+0000] {subprocess.py:93} INFO - ================================================================================
[2025-11-11T20:12:48.062+0000] {subprocess.py:93} INFO - 🔮 PRÉVISIONS MÉTÉO CASABLANCA - 6 heures
[2025-11-11T20:12:48.063+0000] {subprocess.py:93} INFO - ================================================================================
[2025-11-11T20:12:48.063+0000] {subprocess.py:93} INFO - 
[2025-11-11T20:12:48.064+0000] {subprocess.py:93} INFO - 📦 Fichier CSV prévisions créé: /opt/airflow/data/meteo_casablanca_forecast_6h_20251111_201248.csv
[2025-11-11T20:12:48.064+0000] {subprocess.py:93} INFO - 📊 Nombre d'heures: 3 heures
[2025-11-11T20:12:48.064+0000] {subprocess.py:93} INFO - 🕐 Période: 2025-11-11 21:00 → 2025-11-11 23:00
[2025-11-11T20:12:48.065+0000] {subprocess.py:93} INFO - 🌐 Source: Open-Meteo Forecast API
[2025-11-11T20:12:48.065+0000] {subprocess.py:93} INFO - ⚠️  Utilisation de la fonction legacy - redirection vers UPSERT
[2025-11-11T20:12:48.065+0000] {subprocess.py:93} INFO - 🔄 Création de la table temporaire...
[2025-11-11T20:12:48.066+0000] {subprocess.py:93} INFO - 📥 Chargement des données dans la table temporaire...
[2025-11-11T20:12:48.066+0000] {subprocess.py:93} INFO - 🔄 Mise à jour des prévisions existantes...
[2025-11-11T20:12:48.066+0000] {subprocess.py:93} INFO - ➕ Insertion des nouvelles prévisions...
[2025-11-11T20:12:48.066+0000] {subprocess.py:93} INFO - 
[2025-11-11T20:12:48.067+0000] {subprocess.py:93} INFO - ================================================================================
[2025-11-11T20:12:48.067+0000] {subprocess.py:93} INFO - ✅ UPSERT TERMINÉ
[2025-11-11T20:12:48.068+0000] {subprocess.py:93} INFO - 🔄 Lignes mises à jour: 3
[2025-11-11T20:12:48.068+0000] {subprocess.py:93} INFO - ➕ Nouvelles lignes insérées: 0
[2025-11-11T20:12:48.069+0000] {subprocess.py:93} INFO - 📊 Total traité: 3 lignes
[2025-11-11T20:12:48.070+0000] {subprocess.py:93} INFO - ================================================================================
[2025-11-11T20:12:48.070+0000] {subprocess.py:93} INFO - 
[2025-11-11T20:12:48.070+0000] {subprocess.py:93} INFO - ================================================================================
[2025-11-11T20:12:48.071+0000] {subprocess.py:93} INFO - ✅ SUCCÈS! Prévisions météo (6h) récupérées et chargées en DB
[2025-11-11T20:12:48.071+0000] {subprocess.py:93} INFO - ⚠️  Ces prévisions seront remplacées par des données réelles plus tard
[2025-11-11T20:12:48.071+0000] {subprocess.py:93} INFO - ================================================================================
[2025-11-11T20:12:48.203+0000] {subprocess.py:97} INFO - Command exited with return code 0
[2025-11-11T20:12:48.254+0000] {taskinstance.py:340} INFO - ::group::Post task execution logs
[2025-11-11T20:12:48.255+0000] {taskinstance.py:352} INFO - Marking task as SUCCESS. dag_id=unified_weather_energy_pipeline, task_id=initial_weather_history, run_id=manual__2025-11-11T20:12:38.079204+00:00, execution_date=20251111T201238, start_date=20251111T201242, end_date=20251111T201248
[2025-11-11T20:12:48.284+0000] {local_task_job_runner.py:266} INFO - Task exited with return code 0
[2025-11-11T20:12:48.325+0000] {taskinstance.py:3900} INFO - 1 downstream tasks scheduled from follow-on schedule check
[2025-11-11T20:12:48.327+0000] {local_task_job_runner.py:245} INFO - ::endgroup::
