[2025-11-11T20:20:26.831+0000] {local_task_job_runner.py:123} INFO - ::group::Pre task execution logs
[2025-11-11T20:20:26.862+0000] {taskinstance.py:2612} INFO - Dependencies all met for dep_context=non-requeueable deps ti=<TaskInstance: unified_weather_energy_pipeline.initial_weather_history manual__2025-11-11T20:12:38.079204+00:00 [queued]>
[2025-11-11T20:20:26.876+0000] {taskinstance.py:2612} INFO - Dependencies all met for dep_context=requeueable deps ti=<TaskInstance: unified_weather_energy_pipeline.initial_weather_history manual__2025-11-11T20:12:38.079204+00:00 [queued]>
[2025-11-11T20:20:26.878+0000] {taskinstance.py:2865} INFO - Starting attempt 2 of 4
[2025-11-11T20:20:26.898+0000] {taskinstance.py:2888} INFO - Executing <Task(BashOperator): initial_weather_history> on 2025-11-11 20:12:38.079204+00:00
[2025-11-11T20:20:26.911+0000] {standard_task_runner.py:104} INFO - Running: ['airflow', 'tasks', 'run', 'unified_weather_energy_pipeline', 'initial_weather_history', 'manual__2025-11-11T20:12:38.079204+00:00', '--job-id', '25', '--raw', '--subdir', 'DAGS_FOLDER/weather_energy_dag.py', '--cfg-path', '/tmp/tmpa4oxxjt7']
[2025-11-11T20:20:26.915+0000] {standard_task_runner.py:105} INFO - Job 25: Subtask initial_weather_history
[2025-11-11T20:20:26.920+0000] {logging_mixin.py:190} WARNING - /home/airflow/.local/lib/python3.12/site-packages/airflow/task/task_runner/standard_task_runner.py:70 DeprecationWarning: This process (pid=2040) is multi-threaded, use of fork() may lead to deadlocks in the child.
[2025-11-11T20:20:26.921+0000] {standard_task_runner.py:72} INFO - Started process 2041 to run task
[2025-11-11T20:20:26.988+0000] {task_command.py:467} INFO - Running <TaskInstance: unified_weather_energy_pipeline.initial_weather_history manual__2025-11-11T20:12:38.079204+00:00 [running]> on host 3962d829321f
[2025-11-11T20:20:27.158+0000] {taskinstance.py:3131} INFO - Exporting env vars: AIRFLOW_CTX_DAG_OWNER='hamza' AIRFLOW_CTX_DAG_ID='unified_weather_energy_pipeline' AIRFLOW_CTX_TASK_ID='initial_weather_history' AIRFLOW_CTX_EXECUTION_DATE='2025-11-11T20:12:38.079204+00:00' AIRFLOW_CTX_TRY_NUMBER='2' AIRFLOW_CTX_DAG_RUN_ID='manual__2025-11-11T20:12:38.079204+00:00'
[2025-11-11T20:20:27.161+0000] {taskinstance.py:731} INFO - ::endgroup::
[2025-11-11T20:20:27.181+0000] {subprocess.py:63} INFO - Tmp dir root location: /tmp
[2025-11-11T20:20:27.183+0000] {subprocess.py:75} INFO - Running command: ['/usr/bin/bash', '-c', 'cd /opt/airflow && PYTHONPATH=/opt/airflow python -m src.pipeline.generator.weather_forecasting']
[2025-11-11T20:20:27.199+0000] {subprocess.py:86} INFO - Output:
[2025-11-11T20:20:32.987+0000] {subprocess.py:93} INFO - 
[2025-11-11T20:20:32.987+0000] {subprocess.py:93} INFO - ================================================================================
[2025-11-11T20:20:32.988+0000] {subprocess.py:93} INFO - 🔎 VÉRIFICATION COVERAGE HISTORIQUE 2024-01-01 00:00:00 → 2025-11-11 23:00:00
[2025-11-11T20:20:32.988+0000] {subprocess.py:93} INFO - ================================================================================
[2025-11-11T20:20:32.989+0000] {subprocess.py:93} INFO - 📉 Existing MIN timestamp: None
[2025-11-11T20:20:32.990+0000] {subprocess.py:93} INFO - 📈 Existing MAX timestamp: None
[2025-11-11T20:20:32.990+0000] {subprocess.py:93} INFO - ⚠️ Aucun historique trouvé, backfill complet…
[2025-11-11T20:20:32.991+0000] {subprocess.py:93} INFO - 
[2025-11-11T20:20:32.991+0000] {subprocess.py:93} INFO - ================================================================================
[2025-11-11T20:20:32.992+0000] {subprocess.py:93} INFO - 📚 BACKFILL HISTORIQUE 2024-01-01 00:00:00 → 2025-11-11 23:00:00
[2025-11-11T20:20:32.992+0000] {subprocess.py:93} INFO - ================================================================================
[2025-11-11T20:20:32.993+0000] {subprocess.py:93} INFO - 📦 Fichier CSV historique créé: /opt/airflow/data/meteo_casablanca_historique_20251111_202030.csv
[2025-11-11T20:20:32.993+0000] {subprocess.py:93} INFO - 📊 Nombre total d'heures (filtrées): 16344
[2025-11-11T20:20:32.994+0000] {subprocess.py:93} INFO - 🕐 Période (effective): 2024-01-01 00:00 → 2025-11-11 23:00
[2025-11-11T20:20:32.994+0000] {subprocess.py:93} INFO - 🌐 Source: Open-Meteo Historical API
[2025-11-11T20:20:32.994+0000] {subprocess.py:93} INFO - ⚠️  Utilisation de la fonction legacy - redirection vers UPSERT
[2025-11-11T20:20:32.995+0000] {subprocess.py:93} INFO - 🔄 Création de la table temporaire...
[2025-11-11T20:20:32.995+0000] {subprocess.py:93} INFO - 📥 Chargement des données dans la table temporaire...
[2025-11-11T20:20:32.995+0000] {subprocess.py:93} INFO - 🔄 Mise à jour des prévisions existantes...
[2025-11-11T20:20:32.996+0000] {subprocess.py:93} INFO - ➕ Insertion des nouvelles prévisions...
[2025-11-11T20:20:32.996+0000] {subprocess.py:93} INFO - 
[2025-11-11T20:20:32.996+0000] {subprocess.py:93} INFO - ================================================================================
[2025-11-11T20:20:32.997+0000] {subprocess.py:93} INFO - ✅ UPSERT TERMINÉ
[2025-11-11T20:20:32.997+0000] {subprocess.py:93} INFO - 🔄 Lignes mises à jour: 0
[2025-11-11T20:20:32.998+0000] {subprocess.py:93} INFO - ➕ Nouvelles lignes insérées: 16344
[2025-11-11T20:20:32.998+0000] {subprocess.py:93} INFO - 📊 Total traité: 16344 lignes
[2025-11-11T20:20:32.999+0000] {subprocess.py:93} INFO - ================================================================================
[2025-11-11T20:20:32.999+0000] {subprocess.py:93} INFO - 
[2025-11-11T20:20:32.999+0000] {subprocess.py:93} INFO - ================================================================================
[2025-11-11T20:20:33.000+0000] {subprocess.py:93} INFO - 🔄 BACKFILL DES PRÉVISIONS AVEC DONNÉES RÉELLES
[2025-11-11T20:20:33.000+0000] {subprocess.py:93} INFO - ================================================================================
[2025-11-11T20:20:33.000+0000] {subprocess.py:93} INFO - 📍 Prévisions passées trouvées: 2024-01-01 00:00:00 → 2025-11-11 20:00:00
[2025-11-11T20:20:33.001+0000] {subprocess.py:93} INFO - 🔄 Remplacement par données réelles...
[2025-11-11T20:20:33.001+0000] {subprocess.py:93} INFO - 
[2025-11-11T20:20:33.001+0000] {subprocess.py:93} INFO - ================================================================================
[2025-11-11T20:20:33.002+0000] {subprocess.py:93} INFO - 📚 BACKFILL HISTORIQUE 2024-01-01 00:00:00 → 2025-11-11 20:00:00
[2025-11-11T20:20:33.002+0000] {subprocess.py:93} INFO - ================================================================================
[2025-11-11T20:20:33.003+0000] {subprocess.py:93} INFO - 📦 Fichier CSV historique créé: /opt/airflow/data/meteo_casablanca_historique_20251111_202032.csv
[2025-11-11T20:20:33.003+0000] {subprocess.py:93} INFO - 📊 Nombre total d'heures (filtrées): 16341
[2025-11-11T20:20:33.004+0000] {subprocess.py:93} INFO - 🕐 Période (effective): 2024-01-01 00:00 → 2025-11-11 23:00
[2025-11-11T20:20:33.004+0000] {subprocess.py:93} INFO - 🌐 Source: Open-Meteo Historical API
[2025-11-11T20:20:33.005+0000] {subprocess.py:93} INFO - ⚠️  Utilisation de la fonction legacy - redirection vers UPSERT
[2025-11-11T20:20:33.006+0000] {subprocess.py:93} INFO - 🔄 Création de la table temporaire...
[2025-11-11T20:20:33.007+0000] {subprocess.py:93} INFO - 📥 Chargement des données dans la table temporaire...
[2025-11-11T20:20:33.007+0000] {subprocess.py:93} INFO - 🔄 Mise à jour des prévisions existantes...
[2025-11-11T20:20:33.008+0000] {subprocess.py:93} INFO - ➕ Insertion des nouvelles prévisions...
[2025-11-11T20:20:33.008+0000] {subprocess.py:93} INFO - 
[2025-11-11T20:20:33.008+0000] {subprocess.py:93} INFO - ================================================================================
[2025-11-11T20:20:33.009+0000] {subprocess.py:93} INFO - ✅ UPSERT TERMINÉ
[2025-11-11T20:20:33.009+0000] {subprocess.py:93} INFO - 🔄 Lignes mises à jour: 16341
[2025-11-11T20:20:33.009+0000] {subprocess.py:93} INFO - ➕ Nouvelles lignes insérées: 0
[2025-11-11T20:20:33.010+0000] {subprocess.py:93} INFO - 📊 Total traité: 16341 lignes
[2025-11-11T20:20:33.010+0000] {subprocess.py:93} INFO - ================================================================================
[2025-11-11T20:20:33.011+0000] {subprocess.py:93} INFO - ✅ Backfill des prévisions terminé
[2025-11-11T20:20:33.011+0000] {subprocess.py:93} INFO - 
[2025-11-11T20:20:33.012+0000] {subprocess.py:93} INFO - ================================================================================
[2025-11-11T20:20:33.012+0000] {subprocess.py:93} INFO - 🔮 PRÉVISIONS MÉTÉO CASABLANCA - 6 heures
[2025-11-11T20:20:33.012+0000] {subprocess.py:93} INFO - ================================================================================
[2025-11-11T20:20:33.013+0000] {subprocess.py:93} INFO - 
[2025-11-11T20:20:33.014+0000] {subprocess.py:93} INFO - 📦 Fichier CSV prévisions créé: /opt/airflow/data/meteo_casablanca_forecast_6h_20251111_202032.csv
[2025-11-11T20:20:33.015+0000] {subprocess.py:93} INFO - 📊 Nombre d'heures: 3 heures
[2025-11-11T20:20:33.015+0000] {subprocess.py:93} INFO - 🕐 Période: 2025-11-11 21:00 → 2025-11-11 23:00
[2025-11-11T20:20:33.016+0000] {subprocess.py:93} INFO - 🌐 Source: Open-Meteo Forecast API
[2025-11-11T20:20:33.016+0000] {subprocess.py:93} INFO - ⚠️  Utilisation de la fonction legacy - redirection vers UPSERT
[2025-11-11T20:20:33.017+0000] {subprocess.py:93} INFO - 🔄 Création de la table temporaire...
[2025-11-11T20:20:33.017+0000] {subprocess.py:93} INFO - 📥 Chargement des données dans la table temporaire...
[2025-11-11T20:20:33.018+0000] {subprocess.py:93} INFO - 🔄 Mise à jour des prévisions existantes...
[2025-11-11T20:20:33.018+0000] {subprocess.py:93} INFO - ➕ Insertion des nouvelles prévisions...
[2025-11-11T20:20:33.019+0000] {subprocess.py:93} INFO - 
[2025-11-11T20:20:33.019+0000] {subprocess.py:93} INFO - ================================================================================
[2025-11-11T20:20:33.020+0000] {subprocess.py:93} INFO - ✅ UPSERT TERMINÉ
[2025-11-11T20:20:33.020+0000] {subprocess.py:93} INFO - 🔄 Lignes mises à jour: 3
[2025-11-11T20:20:33.020+0000] {subprocess.py:93} INFO - ➕ Nouvelles lignes insérées: 0
[2025-11-11T20:20:33.021+0000] {subprocess.py:93} INFO - 📊 Total traité: 3 lignes
[2025-11-11T20:20:33.021+0000] {subprocess.py:93} INFO - ================================================================================
[2025-11-11T20:20:33.021+0000] {subprocess.py:93} INFO - 
[2025-11-11T20:20:33.022+0000] {subprocess.py:93} INFO - ================================================================================
[2025-11-11T20:20:33.022+0000] {subprocess.py:93} INFO - ✅ SUCCÈS! Prévisions météo (6h) récupérées et chargées en DB
[2025-11-11T20:20:33.022+0000] {subprocess.py:93} INFO - ⚠️  Ces prévisions seront remplacées par des données réelles plus tard
[2025-11-11T20:20:33.023+0000] {subprocess.py:93} INFO - ================================================================================
[2025-11-11T20:20:33.101+0000] {subprocess.py:97} INFO - Command exited with return code 0
[2025-11-11T20:20:33.136+0000] {taskinstance.py:340} INFO - ::group::Post task execution logs
[2025-11-11T20:20:33.137+0000] {taskinstance.py:352} INFO - Marking task as SUCCESS. dag_id=unified_weather_energy_pipeline, task_id=initial_weather_history, run_id=manual__2025-11-11T20:12:38.079204+00:00, execution_date=20251111T201238, start_date=20251111T202026, end_date=20251111T202033
[2025-11-11T20:20:33.174+0000] {local_task_job_runner.py:266} INFO - Task exited with return code 0
[2025-11-11T20:20:33.201+0000] {taskinstance.py:3900} INFO - 0 downstream tasks scheduled from follow-on schedule check
[2025-11-11T20:20:33.203+0000] {local_task_job_runner.py:245} INFO - ::endgroup::
