[2025-11-11T19:05:37.647+0000] {local_task_job_runner.py:123} INFO - ::group::Pre task execution logs
[2025-11-11T19:05:37.686+0000] {taskinstance.py:2612} INFO - Dependencies all met for dep_context=non-requeueable deps ti=<TaskInstance: unified_weather_energy_pipeline.check_initialization_mode scheduled__2025-11-11T12:00:00+00:00 [queued]>
[2025-11-11T19:05:37.702+0000] {taskinstance.py:2612} INFO - Dependencies all met for dep_context=requeueable deps ti=<TaskInstance: unified_weather_energy_pipeline.check_initialization_mode scheduled__2025-11-11T12:00:00+00:00 [queued]>
[2025-11-11T19:05:37.704+0000] {taskinstance.py:2865} INFO - Starting attempt 1 of 3
[2025-11-11T19:05:37.730+0000] {taskinstance.py:2888} INFO - Executing <Task(BranchPythonOperator): check_initialization_mode> on 2025-11-11 12:00:00+00:00
[2025-11-11T19:05:37.760+0000] {standard_task_runner.py:104} INFO - Running: ['airflow', 'tasks', 'run', 'unified_weather_energy_pipeline', 'check_initialization_mode', 'scheduled__2025-11-11T12:00:00+00:00', '--job-id', '17', '--raw', '--subdir', 'DAGS_FOLDER/weather_energy_dag.py', '--cfg-path', '/tmp/tmpcc4rm68p']
[2025-11-11T19:05:37.781+0000] {standard_task_runner.py:105} INFO - Job 17: Subtask check_initialization_mode
[2025-11-11T19:05:37.785+0000] {logging_mixin.py:190} WARNING - /home/airflow/.local/lib/python3.12/site-packages/airflow/task/task_runner/standard_task_runner.py:70 DeprecationWarning: This process (pid=175) is multi-threaded, use of fork() may lead to deadlocks in the child.
[2025-11-11T19:05:37.787+0000] {standard_task_runner.py:72} INFO - Started process 176 to run task
[2025-11-11T19:05:38.274+0000] {task_command.py:467} INFO - Running <TaskInstance: unified_weather_energy_pipeline.check_initialization_mode scheduled__2025-11-11T12:00:00+00:00 [running]> on host 3962d829321f
[2025-11-11T19:05:38.511+0000] {taskinstance.py:3131} INFO - Exporting env vars: AIRFLOW_CTX_DAG_OWNER='hamza' AIRFLOW_CTX_DAG_ID='unified_weather_energy_pipeline' AIRFLOW_CTX_TASK_ID='check_initialization_mode' AIRFLOW_CTX_EXECUTION_DATE='2025-11-11T12:00:00+00:00' AIRFLOW_CTX_TRY_NUMBER='1' AIRFLOW_CTX_DAG_RUN_ID='scheduled__2025-11-11T12:00:00+00:00'
[2025-11-11T19:05:38.515+0000] {taskinstance.py:731} INFO - ::endgroup::
[2025-11-11T19:05:38.555+0000] {baseoperator.py:405} WARNING - BranchPythonOperator.execute cannot be called outside TaskInstance!
[2025-11-11T19:05:38.595+0000] {logging_mixin.py:190} INFO - ✅ Système déjà initialisé → Mode UPDATE (6h)
[2025-11-11T19:05:38.596+0000] {python.py:240} INFO - Done. Returned value was: regular_update
[2025-11-11T19:05:38.596+0000] {branch.py:38} INFO - Branch into regular_update
[2025-11-11T19:05:38.597+0000] {skipmixin.py:230} INFO - Following branch ('regular_update',)
[2025-11-11T19:05:38.637+0000] {skipmixin.py:278} INFO - Skipping tasks [('initial_load', -1)]
[2025-11-11T19:05:38.713+0000] {taskinstance.py:340} INFO - ::group::Post task execution logs
[2025-11-11T19:05:38.714+0000] {taskinstance.py:352} INFO - Marking task as SUCCESS. dag_id=unified_weather_energy_pipeline, task_id=check_initialization_mode, run_id=scheduled__2025-11-11T12:00:00+00:00, execution_date=20251111T120000, start_date=20251111T190537, end_date=20251111T190538
[2025-11-11T19:05:38.772+0000] {local_task_job_runner.py:266} INFO - Task exited with return code 0
[2025-11-11T19:05:38.814+0000] {taskinstance.py:3900} INFO - 0 downstream tasks scheduled from follow-on schedule check
[2025-11-11T19:05:38.820+0000] {local_task_job_runner.py:245} INFO - ::endgroup::
