[2025-11-11T20:23:57.971+0000] {local_task_job_runner.py:123} INFO - ::group::Pre task execution logs
[2025-11-11T20:23:57.997+0000] {taskinstance.py:2612} INFO - Dependencies all met for dep_context=non-requeueable deps ti=<TaskInstance: unified_weather_energy_pipeline.initial_weather_forecast_6h manual__2025-11-11T20:12:38.079204+00:00 [queued]>
[2025-11-11T20:23:58.010+0000] {taskinstance.py:2612} INFO - Dependencies all met for dep_context=requeueable deps ti=<TaskInstance: unified_weather_energy_pipeline.initial_weather_forecast_6h manual__2025-11-11T20:12:38.079204+00:00 [queued]>
[2025-11-11T20:23:58.011+0000] {taskinstance.py:2865} INFO - Starting attempt 1 of 3
[2025-11-11T20:23:58.027+0000] {taskinstance.py:2888} INFO - Executing <Task(BashOperator): initial_weather_forecast_6h> on 2025-11-11 20:12:38.079204+00:00
[2025-11-11T20:23:58.039+0000] {standard_task_runner.py:104} INFO - Running: ['airflow', 'tasks', 'run', 'unified_weather_energy_pipeline', 'initial_weather_forecast_6h', 'manual__2025-11-11T20:12:38.079204+00:00', '--job-id', '27', '--raw', '--subdir', 'DAGS_FOLDER/weather_energy_dag.py', '--cfg-path', '/tmp/tmporrytxci']
[2025-11-11T20:23:58.041+0000] {logging_mixin.py:190} WARNING - /home/airflow/.local/lib/python3.12/site-packages/airflow/task/task_runner/standard_task_runner.py:70 DeprecationWarning: This process (pid=2144) is multi-threaded, use of fork() may lead to deadlocks in the child.
[2025-11-11T20:23:58.042+0000] {standard_task_runner.py:105} INFO - Job 27: Subtask initial_weather_forecast_6h
[2025-11-11T20:23:58.043+0000] {standard_task_runner.py:72} INFO - Started process 2145 to run task
[2025-11-11T20:23:58.144+0000] {task_command.py:467} INFO - Running <TaskInstance: unified_weather_energy_pipeline.initial_weather_forecast_6h manual__2025-11-11T20:12:38.079204+00:00 [running]> on host 3962d829321f
[2025-11-11T20:23:58.274+0000] {taskinstance.py:3131} INFO - Exporting env vars: AIRFLOW_CTX_DAG_OWNER='hamza' AIRFLOW_CTX_DAG_ID='unified_weather_energy_pipeline' AIRFLOW_CTX_TASK_ID='initial_weather_forecast_6h' AIRFLOW_CTX_EXECUTION_DATE='2025-11-11T20:12:38.079204+00:00' AIRFLOW_CTX_TRY_NUMBER='1' AIRFLOW_CTX_DAG_RUN_ID='manual__2025-11-11T20:12:38.079204+00:00'
[2025-11-11T20:23:58.275+0000] {taskinstance.py:731} INFO - ::endgroup::
[2025-11-11T20:23:58.289+0000] {subprocess.py:63} INFO - Tmp dir root location: /tmp
[2025-11-11T20:23:58.290+0000] {subprocess.py:75} INFO - Running command: ['/usr/bin/bash', '-c', 'cd /opt/airflow && PYTHONPATH=/opt/airflow python -m src.pipeline.generator.weather_forecasting']
[2025-11-11T20:23:58.302+0000] {subprocess.py:86} INFO - Output:
[2025-11-11T20:24:01.638+0000] {subprocess.py:93} INFO - 
[2025-11-11T20:24:01.639+0000] {subprocess.py:93} INFO - ================================================================================
[2025-11-11T20:24:01.639+0000] {subprocess.py:93} INFO - 🔎 VÉRIFICATION COVERAGE HISTORIQUE 2024-01-01 00:00:00 → 2025-11-11 23:00:00
[2025-11-11T20:24:01.640+0000] {subprocess.py:93} INFO - ================================================================================
[2025-11-11T20:24:01.640+0000] {subprocess.py:93} INFO - 📉 Existing MIN timestamp: 2024-01-01 00:00:00
[2025-11-11T20:24:01.641+0000] {subprocess.py:93} INFO - 📈 Existing MAX timestamp: 2025-11-11 23:00:00
[2025-11-11T20:24:01.642+0000] {subprocess.py:93} INFO - ✅ Coverage historique vérifié / complété.
[2025-11-11T20:24:01.642+0000] {subprocess.py:93} INFO - 
[2025-11-11T20:24:01.643+0000] {subprocess.py:93} INFO - ================================================================================
[2025-11-11T20:24:01.643+0000] {subprocess.py:93} INFO - 🔄 BACKFILL DES PRÉVISIONS AVEC DONNÉES RÉELLES
[2025-11-11T20:24:01.644+0000] {subprocess.py:93} INFO - ================================================================================
[2025-11-11T20:24:01.644+0000] {subprocess.py:93} INFO - 📍 Prévisions passées trouvées: 2024-01-01 00:00:00 → 2025-11-11 20:00:00
[2025-11-11T20:24:01.645+0000] {subprocess.py:93} INFO - 🔄 Remplacement par données réelles...
[2025-11-11T20:24:01.646+0000] {subprocess.py:93} INFO - 
[2025-11-11T20:24:01.647+0000] {subprocess.py:93} INFO - ================================================================================
[2025-11-11T20:24:01.647+0000] {subprocess.py:93} INFO - 📚 BACKFILL HISTORIQUE 2024-01-01 00:00:00 → 2025-11-11 20:00:00
[2025-11-11T20:24:01.648+0000] {subprocess.py:93} INFO - ================================================================================
[2025-11-11T20:24:01.648+0000] {subprocess.py:93} INFO - 📦 Fichier CSV historique créé: /opt/airflow/data/meteo_casablanca_historique_20251111_202400.csv
[2025-11-11T20:24:01.649+0000] {subprocess.py:93} INFO - 📊 Nombre total d'heures (filtrées): 16341
[2025-11-11T20:24:01.649+0000] {subprocess.py:93} INFO - 🕐 Période (effective): 2024-01-01 00:00 → 2025-11-11 23:00
[2025-11-11T20:24:01.650+0000] {subprocess.py:93} INFO - 🌐 Source: Open-Meteo Historical API
[2025-11-11T20:24:01.650+0000] {subprocess.py:93} INFO - ⚠️  Utilisation de la fonction legacy - redirection vers UPSERT
[2025-11-11T20:24:01.650+0000] {subprocess.py:93} INFO - 🔄 Création de la table temporaire...
[2025-11-11T20:24:01.651+0000] {subprocess.py:93} INFO - 📥 Chargement des données dans la table temporaire...
[2025-11-11T20:24:01.651+0000] {subprocess.py:93} INFO - 🔄 Mise à jour des prévisions existantes...
[2025-11-11T20:24:01.651+0000] {subprocess.py:93} INFO - ➕ Insertion des nouvelles prévisions...
[2025-11-11T20:24:01.652+0000] {subprocess.py:93} INFO - 
[2025-11-11T20:24:01.652+0000] {subprocess.py:93} INFO - ================================================================================
[2025-11-11T20:24:01.653+0000] {subprocess.py:93} INFO - ✅ UPSERT TERMINÉ
[2025-11-11T20:24:01.654+0000] {subprocess.py:93} INFO - 🔄 Lignes mises à jour: 16341
[2025-11-11T20:24:01.654+0000] {subprocess.py:93} INFO - ➕ Nouvelles lignes insérées: 0
[2025-11-11T20:24:01.655+0000] {subprocess.py:93} INFO - 📊 Total traité: 16341 lignes
[2025-11-11T20:24:01.656+0000] {subprocess.py:93} INFO - ================================================================================
[2025-11-11T20:24:01.659+0000] {subprocess.py:93} INFO - ✅ Backfill des prévisions terminé
[2025-11-11T20:24:01.659+0000] {subprocess.py:93} INFO - 
[2025-11-11T20:24:01.660+0000] {subprocess.py:93} INFO - ================================================================================
[2025-11-11T20:24:01.661+0000] {subprocess.py:93} INFO - 🔮 PRÉVISIONS MÉTÉO CASABLANCA - 6 heures
[2025-11-11T20:24:01.662+0000] {subprocess.py:93} INFO - ================================================================================
[2025-11-11T20:24:01.663+0000] {subprocess.py:93} INFO - 
[2025-11-11T20:24:01.663+0000] {subprocess.py:93} INFO - 📦 Fichier CSV prévisions créé: /opt/airflow/data/meteo_casablanca_forecast_6h_20251111_202401.csv
[2025-11-11T20:24:01.663+0000] {subprocess.py:93} INFO - 📊 Nombre d'heures: 3 heures
[2025-11-11T20:24:01.664+0000] {subprocess.py:93} INFO - 🕐 Période: 2025-11-11 21:00 → 2025-11-11 23:00
[2025-11-11T20:24:01.664+0000] {subprocess.py:93} INFO - 🌐 Source: Open-Meteo Forecast API
[2025-11-11T20:24:01.665+0000] {subprocess.py:93} INFO - ⚠️  Utilisation de la fonction legacy - redirection vers UPSERT
[2025-11-11T20:24:01.666+0000] {subprocess.py:93} INFO - 🔄 Création de la table temporaire...
[2025-11-11T20:24:01.667+0000] {subprocess.py:93} INFO - 📥 Chargement des données dans la table temporaire...
[2025-11-11T20:24:01.667+0000] {subprocess.py:93} INFO - 🔄 Mise à jour des prévisions existantes...
[2025-11-11T20:24:01.668+0000] {subprocess.py:93} INFO - ➕ Insertion des nouvelles prévisions...
[2025-11-11T20:24:01.668+0000] {subprocess.py:93} INFO - 
[2025-11-11T20:24:01.670+0000] {subprocess.py:93} INFO - ================================================================================
[2025-11-11T20:24:01.670+0000] {subprocess.py:93} INFO - ✅ UPSERT TERMINÉ
[2025-11-11T20:24:01.671+0000] {subprocess.py:93} INFO - 🔄 Lignes mises à jour: 3
[2025-11-11T20:24:01.672+0000] {subprocess.py:93} INFO - ➕ Nouvelles lignes insérées: 0
[2025-11-11T20:24:01.672+0000] {subprocess.py:93} INFO - 📊 Total traité: 3 lignes
[2025-11-11T20:24:01.673+0000] {subprocess.py:93} INFO - ================================================================================
[2025-11-11T20:24:01.674+0000] {subprocess.py:93} INFO - 
[2025-11-11T20:24:01.674+0000] {subprocess.py:93} INFO - ================================================================================
[2025-11-11T20:24:01.675+0000] {subprocess.py:93} INFO - ✅ SUCCÈS! Prévisions météo (6h) récupérées et chargées en DB
[2025-11-11T20:24:01.676+0000] {subprocess.py:93} INFO - ⚠️  Ces prévisions seront remplacées par des données réelles plus tard
[2025-11-11T20:24:01.676+0000] {subprocess.py:93} INFO - ================================================================================
[2025-11-11T20:24:01.758+0000] {subprocess.py:97} INFO - Command exited with return code 0
[2025-11-11T20:24:01.795+0000] {taskinstance.py:340} INFO - ::group::Post task execution logs
[2025-11-11T20:24:01.796+0000] {taskinstance.py:352} INFO - Marking task as SUCCESS. dag_id=unified_weather_energy_pipeline, task_id=initial_weather_forecast_6h, run_id=manual__2025-11-11T20:12:38.079204+00:00, execution_date=20251111T201238, start_date=20251111T202357, end_date=20251111T202401
[2025-11-11T20:24:01.821+0000] {local_task_job_runner.py:266} INFO - Task exited with return code 0
[2025-11-11T20:24:01.851+0000] {taskinstance.py:3900} INFO - 1 downstream tasks scheduled from follow-on schedule check
[2025-11-11T20:24:01.854+0000] {local_task_job_runner.py:245} INFO - ::endgroup::
