[2025-11-11T20:24:02.368+0000] {local_task_job_runner.py:123} INFO - ::group::Pre task execution logs
[2025-11-11T20:24:02.390+0000] {taskinstance.py:2612} INFO - Dependencies all met for dep_context=non-requeueable deps ti=<TaskInstance: unified_weather_energy_pipeline.initial_energy_forecast_6h manual__2025-11-11T20:12:38.079204+00:00 [queued]>
[2025-11-11T20:24:02.402+0000] {taskinstance.py:2612} INFO - Dependencies all met for dep_context=requeueable deps ti=<TaskInstance: unified_weather_energy_pipeline.initial_energy_forecast_6h manual__2025-11-11T20:12:38.079204+00:00 [queued]>
[2025-11-11T20:24:02.403+0000] {taskinstance.py:2865} INFO - Starting attempt 1 of 3
[2025-11-11T20:24:02.417+0000] {taskinstance.py:2888} INFO - Executing <Task(BashOperator): initial_energy_forecast_6h> on 2025-11-11 20:12:38.079204+00:00
[2025-11-11T20:24:02.424+0000] {standard_task_runner.py:104} INFO - Running: ['airflow', 'tasks', 'run', 'unified_weather_energy_pipeline', 'initial_energy_forecast_6h', 'manual__2025-11-11T20:12:38.079204+00:00', '--job-id', '28', '--raw', '--subdir', 'DAGS_FOLDER/weather_energy_dag.py', '--cfg-path', '/tmp/tmpfczd3jv0']
[2025-11-11T20:24:02.428+0000] {standard_task_runner.py:105} INFO - Job 28: Subtask initial_energy_forecast_6h
[2025-11-11T20:24:02.428+0000] {logging_mixin.py:190} WARNING - /home/airflow/.local/lib/python3.12/site-packages/airflow/task/task_runner/standard_task_runner.py:70 DeprecationWarning: This process (pid=2154) is multi-threaded, use of fork() may lead to deadlocks in the child.
[2025-11-11T20:24:02.430+0000] {standard_task_runner.py:72} INFO - Started process 2155 to run task
[2025-11-11T20:24:02.488+0000] {task_command.py:467} INFO - Running <TaskInstance: unified_weather_energy_pipeline.initial_energy_forecast_6h manual__2025-11-11T20:12:38.079204+00:00 [running]> on host 3962d829321f
[2025-11-11T20:24:02.594+0000] {taskinstance.py:3131} INFO - Exporting env vars: AIRFLOW_CTX_DAG_OWNER='hamza' AIRFLOW_CTX_DAG_ID='unified_weather_energy_pipeline' AIRFLOW_CTX_TASK_ID='initial_energy_forecast_6h' AIRFLOW_CTX_EXECUTION_DATE='2025-11-11T20:12:38.079204+00:00' AIRFLOW_CTX_TRY_NUMBER='1' AIRFLOW_CTX_DAG_RUN_ID='manual__2025-11-11T20:12:38.079204+00:00'
[2025-11-11T20:24:02.595+0000] {taskinstance.py:731} INFO - ::endgroup::
[2025-11-11T20:24:02.610+0000] {subprocess.py:63} INFO - Tmp dir root location: /tmp
[2025-11-11T20:24:02.612+0000] {subprocess.py:75} INFO - Running command: ['/usr/bin/bash', '-c', 'cd /opt/airflow && PYTHONPATH=/opt/airflow python -m src.pipeline.generator.generate_energy_6h_forecast']
[2025-11-11T20:24:02.623+0000] {subprocess.py:86} INFO - Output:
[2025-11-11T20:24:04.588+0000] {subprocess.py:93} INFO - ================================================================================
[2025-11-11T20:24:04.589+0000] {subprocess.py:93} INFO - 🔮 GÉNÉRATION DES PRÉVISIONS ÉNERGÉTIQUES (6 HEURES)
[2025-11-11T20:24:04.595+0000] {subprocess.py:93} INFO - ================================================================================
[2025-11-11T20:24:04.596+0000] {subprocess.py:93} INFO - 
[2025-11-11T20:24:04.597+0000] {subprocess.py:93} INFO - ================================================================================
[2025-11-11T20:24:04.597+0000] {subprocess.py:93} INFO - 📡 RÉCUPÉRATION DES PRÉVISIONS MÉTÉO (6 HEURES)
[2025-11-11T20:24:04.598+0000] {subprocess.py:93} INFO - ================================================================================
[2025-11-11T20:24:04.598+0000] {subprocess.py:93} INFO - 🔍 Récupération des données de 2025-11-11 20:24:03.786975 à 2025-11-12 02:24:03.786975
[2025-11-11T20:24:04.599+0000] {subprocess.py:93} INFO - ✅ 3 heures de prévisions météo récupérées
[2025-11-11T20:24:04.600+0000] {subprocess.py:93} INFO - 📅 Période: 2025-11-11 21:00:00 → 2025-11-11 23:00:00
[2025-11-11T20:24:04.601+0000] {subprocess.py:93} INFO - 🌡️  Température: min=17.4°C, max=18.0°C
[2025-11-11T20:24:04.602+0000] {subprocess.py:93} INFO - 
[2025-11-11T20:24:04.602+0000] {subprocess.py:93} INFO - 📊 Génération de 1 Hospital(s):
[2025-11-11T20:24:04.603+0000] {subprocess.py:93} INFO -   ✓ Hospital                  | Avg Load:   11.05 kW
[2025-11-11T20:24:04.604+0000] {subprocess.py:93} INFO - 
[2025-11-11T20:24:04.605+0000] {subprocess.py:93} INFO - 📊 Génération de 15 House(s):
[2025-11-11T20:24:04.606+0000] {subprocess.py:93} INFO -   ✓ House1                    | Avg Load:    1.04 kW
[2025-11-11T20:24:04.606+0000] {subprocess.py:93} INFO -   ✓ House2                    | Avg Load:    1.31 kW
[2025-11-11T20:24:04.607+0000] {subprocess.py:93} INFO -   ✓ House3                    | Avg Load:    1.24 kW
[2025-11-11T20:24:04.608+0000] {subprocess.py:93} INFO -   ✓ House4                    | Avg Load:    0.91 kW
[2025-11-11T20:24:04.608+0000] {subprocess.py:93} INFO -   ✓ House5                    | Avg Load:    0.76 kW
[2025-11-11T20:24:04.609+0000] {subprocess.py:93} INFO -   ✓ House6                    | Avg Load:    0.93 kW
[2025-11-11T20:24:04.609+0000] {subprocess.py:93} INFO -   ✓ House7                    | Avg Load:    0.86 kW
[2025-11-11T20:24:04.610+0000] {subprocess.py:93} INFO -   ✓ House8                    | Avg Load:    1.16 kW
[2025-11-11T20:24:04.610+0000] {subprocess.py:93} INFO -   ✓ House9                    | Avg Load:    1.15 kW
[2025-11-11T20:24:04.611+0000] {subprocess.py:93} INFO -   ✓ House10                   | Avg Load:    1.16 kW
[2025-11-11T20:24:04.611+0000] {subprocess.py:93} INFO -   ✓ House11                   | Avg Load:    0.91 kW
[2025-11-11T20:24:04.612+0000] {subprocess.py:93} INFO -   ✓ House12                   | Avg Load:    0.98 kW
[2025-11-11T20:24:04.612+0000] {subprocess.py:93} INFO -   ✓ House13                   | Avg Load:    1.31 kW
[2025-11-11T20:24:04.613+0000] {subprocess.py:93} INFO -   ✓ House14                   | Avg Load:    0.86 kW
[2025-11-11T20:24:04.614+0000] {subprocess.py:93} INFO -   ✓ House15                   | Avg Load:    0.84 kW
[2025-11-11T20:24:04.615+0000] {subprocess.py:93} INFO - 
[2025-11-11T20:24:04.616+0000] {subprocess.py:93} INFO - 📊 Génération de 3 Industry(s):
[2025-11-11T20:24:04.616+0000] {subprocess.py:93} INFO -   ✓ Industry1                 | Avg Load:   18.87 kW
[2025-11-11T20:24:04.620+0000] {subprocess.py:93} INFO -   ✓ Industry2                 | Avg Load:   21.53 kW
[2025-11-11T20:24:04.621+0000] {subprocess.py:93} INFO -   ✓ Industry3                 | Avg Load:   20.43 kW
[2025-11-11T20:24:04.622+0000] {subprocess.py:93} INFO - 
[2025-11-11T20:24:04.622+0000] {subprocess.py:93} INFO - 📊 Génération de 4 Office(s):
[2025-11-11T20:24:04.623+0000] {subprocess.py:93} INFO -   ✓ Office1                   | Avg Load:    3.64 kW
[2025-11-11T20:24:04.623+0000] {subprocess.py:93} INFO -   ✓ Office2                   | Avg Load:    4.12 kW
[2025-11-11T20:24:04.624+0000] {subprocess.py:93} INFO -   ✓ Office3                   | Avg Load:    4.17 kW
[2025-11-11T20:24:04.625+0000] {subprocess.py:93} INFO -   ✓ Office4                   | Avg Load:    3.65 kW
[2025-11-11T20:24:04.625+0000] {subprocess.py:93} INFO - 
[2025-11-11T20:24:04.626+0000] {subprocess.py:93} INFO - 📊 Génération de 1 School(s):
[2025-11-11T20:24:04.626+0000] {subprocess.py:93} INFO -   ✓ School                    | Avg Load:    3.06 kW
[2025-11-11T20:24:04.627+0000] {subprocess.py:93} INFO - 
[2025-11-11T20:24:04.628+0000] {subprocess.py:93} INFO - 📦 Préparation du chargement en DB...
[2025-11-11T20:24:04.628+0000] {subprocess.py:93} INFO - 🔄 Création de la table temporaire...
[2025-11-11T20:24:04.629+0000] {subprocess.py:93} INFO - 📥 Chargement des données dans la table temporaire...
[2025-11-11T20:24:04.630+0000] {subprocess.py:93} INFO - 🔄 Mise à jour des enregistrements existants...
[2025-11-11T20:24:04.631+0000] {subprocess.py:93} INFO - ➕ Insertion des nouveaux enregistrements...
[2025-11-11T20:24:04.631+0000] {subprocess.py:93} INFO - 
[2025-11-11T20:24:04.632+0000] {subprocess.py:93} INFO - ================================================================================
[2025-11-11T20:24:04.632+0000] {subprocess.py:93} INFO - ✅ UPSERT TERMINÉ
[2025-11-11T20:24:04.633+0000] {subprocess.py:93} INFO - 🔄 Lignes mises à jour: 0
[2025-11-11T20:24:04.635+0000] {subprocess.py:93} INFO - ➕ Nouvelles lignes insérées: 72
[2025-11-11T20:24:04.636+0000] {subprocess.py:93} INFO - 📊 Total traité: 72 lignes
[2025-11-11T20:24:04.636+0000] {subprocess.py:93} INFO - ================================================================================
[2025-11-11T20:24:04.637+0000] {subprocess.py:93} INFO - 
[2025-11-11T20:24:04.638+0000] {subprocess.py:93} INFO - ================================================================================
[2025-11-11T20:24:04.638+0000] {subprocess.py:93} INFO - ✅ SUCCÈS! Prévisions énergétiques (6h) générées et chargées
[2025-11-11T20:24:04.639+0000] {subprocess.py:93} INFO - 📊 Total: 72 lignes
[2025-11-11T20:24:04.639+0000] {subprocess.py:93} INFO - 📅 Période: 2025-11-11 21:00:00 → 2025-11-11 23:00:00
[2025-11-11T20:24:04.640+0000] {subprocess.py:93} INFO - ================================================================================
[2025-11-11T20:24:04.715+0000] {subprocess.py:97} INFO - Command exited with return code 0
[2025-11-11T20:24:04.756+0000] {taskinstance.py:340} INFO - ::group::Post task execution logs
[2025-11-11T20:24:04.757+0000] {taskinstance.py:352} INFO - Marking task as SUCCESS. dag_id=unified_weather_energy_pipeline, task_id=initial_energy_forecast_6h, run_id=manual__2025-11-11T20:12:38.079204+00:00, execution_date=20251111T201238, start_date=20251111T202402, end_date=20251111T202404
[2025-11-11T20:24:04.778+0000] {local_task_job_runner.py:266} INFO - Task exited with return code 0
[2025-11-11T20:24:04.800+0000] {taskinstance.py:3900} INFO - 0 downstream tasks scheduled from follow-on schedule check
[2025-11-11T20:24:04.803+0000] {local_task_job_runner.py:245} INFO - ::endgroup::
