[2025-11-11T20:12:39.852+0000] {local_task_job_runner.py:123} INFO - ::group::Pre task execution logs
[2025-11-11T20:12:39.882+0000] {taskinstance.py:2612} INFO - Dependencies all met for dep_context=non-requeueable deps ti=<TaskInstance: unified_weather_energy_pipeline.check_database_status manual__2025-11-11T20:12:38.079204+00:00 [queued]>
[2025-11-11T20:12:39.897+0000] {taskinstance.py:2612} INFO - Dependencies all met for dep_context=requeueable deps ti=<TaskInstance: unified_weather_energy_pipeline.check_database_status manual__2025-11-11T20:12:38.079204+00:00 [queued]>
[2025-11-11T20:12:39.898+0000] {taskinstance.py:2865} INFO - Starting attempt 1 of 3
[2025-11-11T20:12:39.917+0000] {taskinstance.py:2888} INFO - Executing <Task(BranchPythonOperator): check_database_status> on 2025-11-11 20:12:38.079204+00:00
[2025-11-11T20:12:39.928+0000] {standard_task_runner.py:104} INFO - Running: ['airflow', 'tasks', 'run', 'unified_weather_energy_pipeline', 'check_database_status', 'manual__2025-11-11T20:12:38.079204+00:00', '--job-id', '20', '--raw', '--subdir', 'DAGS_FOLDER/weather_energy_dag.py', '--cfg-path', '/tmp/tmpu4dcm_t3']
[2025-11-11T20:12:39.932+0000] {standard_task_runner.py:105} INFO - Job 20: Subtask check_database_status
[2025-11-11T20:12:39.934+0000] {logging_mixin.py:190} WARNING - /home/airflow/.local/lib/python3.12/site-packages/airflow/task/task_runner/standard_task_runner.py:70 DeprecationWarning: This process (pid=1811) is multi-threaded, use of fork() may lead to deadlocks in the child.
[2025-11-11T20:12:39.935+0000] {standard_task_runner.py:72} INFO - Started process 1812 to run task
[2025-11-11T20:12:40.003+0000] {task_command.py:467} INFO - Running <TaskInstance: unified_weather_energy_pipeline.check_database_status manual__2025-11-11T20:12:38.079204+00:00 [running]> on host 3962d829321f
[2025-11-11T20:12:40.143+0000] {taskinstance.py:3131} INFO - Exporting env vars: AIRFLOW_CTX_DAG_OWNER='hamza' AIRFLOW_CTX_DAG_ID='unified_weather_energy_pipeline' AIRFLOW_CTX_TASK_ID='check_database_status' AIRFLOW_CTX_EXECUTION_DATE='2025-11-11T20:12:38.079204+00:00' AIRFLOW_CTX_TRY_NUMBER='1' AIRFLOW_CTX_DAG_RUN_ID='manual__2025-11-11T20:12:38.079204+00:00'
[2025-11-11T20:12:40.145+0000] {taskinstance.py:731} INFO - ::endgroup::
[2025-11-11T20:12:40.183+0000] {baseoperator.py:405} WARNING - BranchPythonOperator.execute cannot be called outside TaskInstance!
[2025-11-11T20:12:40.195+0000] {logging_mixin.py:190} INFO - ================================================================================
[2025-11-11T20:12:40.195+0000] {logging_mixin.py:190} INFO - ⚠️  Erreur lors de la vérification de la DB: connection to server at "***" (172.18.0.2), port 5432 failed: FATAL:  password authentication failed for user "airflow"
[2025-11-11T20:12:40.197+0000] {logging_mixin.py:190} INFO - 🚀 Par défaut → Mode INITIAL LOAD
[2025-11-11T20:12:40.197+0000] {logging_mixin.py:190} INFO - ================================================================================
[2025-11-11T20:12:40.198+0000] {python.py:240} INFO - Done. Returned value was: initial_load
[2025-11-11T20:12:40.198+0000] {branch.py:38} INFO - Branch into initial_load
[2025-11-11T20:12:40.199+0000] {skipmixin.py:230} INFO - Following branch ('initial_load',)
[2025-11-11T20:12:40.216+0000] {skipmixin.py:278} INFO - Skipping tasks [('regular_update', -1)]
[2025-11-11T20:12:40.266+0000] {taskinstance.py:340} INFO - ::group::Post task execution logs
[2025-11-11T20:12:40.267+0000] {taskinstance.py:352} INFO - Marking task as SUCCESS. dag_id=unified_weather_energy_pipeline, task_id=check_database_status, run_id=manual__2025-11-11T20:12:38.079204+00:00, execution_date=20251111T201238, start_date=20251111T201239, end_date=20251111T201240
[2025-11-11T20:12:40.317+0000] {local_task_job_runner.py:266} INFO - Task exited with return code 0
[2025-11-11T20:12:40.359+0000] {taskinstance.py:3900} INFO - 0 downstream tasks scheduled from follow-on schedule check
[2025-11-11T20:12:40.364+0000] {local_task_job_runner.py:245} INFO - ::endgroup::
