[2025-11-11T19:04:18.717+0000] {local_task_job_runner.py:123} INFO - ::group::Pre task execution logs
[2025-11-11T19:04:18.740+0000] {taskinstance.py:2612} INFO - Dependencies all met for dep_context=non-requeueable deps ti=<TaskInstance: unified_weather_energy_pipeline.check_initialization_mode manual__2025-11-11T19:04:17.532390+00:00 [queued]>
[2025-11-11T19:04:18.749+0000] {taskinstance.py:2612} INFO - Dependencies all met for dep_context=requeueable deps ti=<TaskInstance: unified_weather_energy_pipeline.check_initialization_mode manual__2025-11-11T19:04:17.532390+00:00 [queued]>
[2025-11-11T19:04:18.750+0000] {taskinstance.py:2865} INFO - Starting attempt 1 of 3
[2025-11-11T19:04:18.765+0000] {taskinstance.py:2888} INFO - Executing <Task(BranchPythonOperator): check_initialization_mode> on 2025-11-11 19:04:17.532390+00:00
[2025-11-11T19:04:18.775+0000] {standard_task_runner.py:104} INFO - Running: ['airflow', 'tasks', 'run', 'unified_weather_energy_pipeline', 'check_initialization_mode', 'manual__2025-11-11T19:04:17.532390+00:00', '--job-id', '14', '--raw', '--subdir', 'DAGS_FOLDER/weather_energy_dag.py', '--cfg-path', '/tmp/tmppvwarrfu']
[2025-11-11T19:04:18.780+0000] {standard_task_runner.py:105} INFO - Job 14: Subtask check_initialization_mode
[2025-11-11T19:04:18.784+0000] {logging_mixin.py:190} WARNING - /home/airflow/.local/lib/python3.12/site-packages/airflow/task/task_runner/standard_task_runner.py:70 DeprecationWarning: This process (pid=1240) is multi-threaded, use of fork() may lead to deadlocks in the child.
[2025-11-11T19:04:18.785+0000] {standard_task_runner.py:72} INFO - Started process 1241 to run task
[2025-11-11T19:04:18.852+0000] {task_command.py:467} INFO - Running <TaskInstance: unified_weather_energy_pipeline.check_initialization_mode manual__2025-11-11T19:04:17.532390+00:00 [running]> on host 3962d829321f
[2025-11-11T19:04:18.972+0000] {taskinstance.py:3131} INFO - Exporting env vars: AIRFLOW_CTX_DAG_OWNER='hamza' AIRFLOW_CTX_DAG_ID='unified_weather_energy_pipeline' AIRFLOW_CTX_TASK_ID='check_initialization_mode' AIRFLOW_CTX_EXECUTION_DATE='2025-11-11T19:04:17.532390+00:00' AIRFLOW_CTX_TRY_NUMBER='1' AIRFLOW_CTX_DAG_RUN_ID='manual__2025-11-11T19:04:17.532390+00:00'
[2025-11-11T19:04:18.973+0000] {taskinstance.py:731} INFO - ::endgroup::
[2025-11-11T19:04:18.992+0000] {baseoperator.py:405} WARNING - BranchPythonOperator.execute cannot be called outside TaskInstance!
[2025-11-11T19:04:19.029+0000] {logging_mixin.py:190} INFO - ✅ Système déjà initialisé → Mode UPDATE (6h)
[2025-11-11T19:04:19.031+0000] {python.py:240} INFO - Done. Returned value was: regular_update
[2025-11-11T19:04:19.032+0000] {branch.py:38} INFO - Branch into regular_update
[2025-11-11T19:04:19.033+0000] {skipmixin.py:230} INFO - Following branch ('regular_update',)
[2025-11-11T19:04:19.047+0000] {skipmixin.py:278} INFO - Skipping tasks [('initial_load', -1)]
[2025-11-11T19:04:19.087+0000] {taskinstance.py:340} INFO - ::group::Post task execution logs
[2025-11-11T19:04:19.088+0000] {taskinstance.py:352} INFO - Marking task as SUCCESS. dag_id=unified_weather_energy_pipeline, task_id=check_initialization_mode, run_id=manual__2025-11-11T19:04:17.532390+00:00, execution_date=20251111T190417, start_date=20251111T190418, end_date=20251111T190419
[2025-11-11T19:04:19.121+0000] {local_task_job_runner.py:266} INFO - Task exited with return code 0
[2025-11-11T19:04:19.157+0000] {taskinstance.py:3900} INFO - 0 downstream tasks scheduled from follow-on schedule check
[2025-11-11T19:04:19.162+0000] {local_task_job_runner.py:245} INFO - ::endgroup::
