[2025-11-11T20:12:49.154+0000] {local_task_job_runner.py:123} INFO - ::group::Pre task execution logs
[2025-11-11T20:12:49.178+0000] {taskinstance.py:2612} INFO - Dependencies all met for dep_context=non-requeueable deps ti=<TaskInstance: unified_weather_energy_pipeline.initial_energy_history manual__2025-11-11T20:12:38.079204+00:00 [queued]>
[2025-11-11T20:12:49.192+0000] {taskinstance.py:2612} INFO - Dependencies all met for dep_context=requeueable deps ti=<TaskInstance: unified_weather_energy_pipeline.initial_energy_history manual__2025-11-11T20:12:38.079204+00:00 [queued]>
[2025-11-11T20:12:49.194+0000] {taskinstance.py:2865} INFO - Starting attempt 1 of 3
[2025-11-11T20:12:49.214+0000] {taskinstance.py:2888} INFO - Executing <Task(BashOperator): initial_energy_history> on 2025-11-11 20:12:38.079204+00:00
[2025-11-11T20:12:49.230+0000] {standard_task_runner.py:104} INFO - Running: ['airflow', 'tasks', 'run', 'unified_weather_energy_pipeline', 'initial_energy_history', 'manual__2025-11-11T20:12:38.079204+00:00', '--job-id', '22', '--raw', '--subdir', 'DAGS_FOLDER/weather_energy_dag.py', '--cfg-path', '/tmp/tmpd5auxx18']
[2025-11-11T20:12:49.234+0000] {standard_task_runner.py:105} INFO - Job 22: Subtask initial_energy_history
[2025-11-11T20:12:49.235+0000] {logging_mixin.py:190} WARNING - /home/airflow/.local/lib/python3.12/site-packages/airflow/task/task_runner/standard_task_runner.py:70 DeprecationWarning: This process (pid=1824) is multi-threaded, use of fork() may lead to deadlocks in the child.
[2025-11-11T20:12:49.236+0000] {standard_task_runner.py:72} INFO - Started process 1825 to run task
[2025-11-11T20:12:49.308+0000] {task_command.py:467} INFO - Running <TaskInstance: unified_weather_energy_pipeline.initial_energy_history manual__2025-11-11T20:12:38.079204+00:00 [running]> on host 3962d829321f
[2025-11-11T20:12:49.424+0000] {taskinstance.py:3131} INFO - Exporting env vars: AIRFLOW_CTX_DAG_OWNER='hamza' AIRFLOW_CTX_DAG_ID='unified_weather_energy_pipeline' AIRFLOW_CTX_TASK_ID='initial_energy_history' AIRFLOW_CTX_EXECUTION_DATE='2025-11-11T20:12:38.079204+00:00' AIRFLOW_CTX_TRY_NUMBER='1' AIRFLOW_CTX_DAG_RUN_ID='manual__2025-11-11T20:12:38.079204+00:00'
[2025-11-11T20:12:49.425+0000] {taskinstance.py:731} INFO - ::endgroup::
[2025-11-11T20:12:49.443+0000] {subprocess.py:63} INFO - Tmp dir root location: /tmp
[2025-11-11T20:12:49.445+0000] {subprocess.py:75} INFO - Running command: ['/usr/bin/bash', '-c', 'cd /opt/airflow && PYTHONPATH=/opt/airflow python -m src.pipeline.generator.energy_cons_generator']
[2025-11-11T20:12:49.456+0000] {subprocess.py:86} INFO - Output:
[2025-11-11T20:14:33.704+0000] {subprocess.py:93} INFO - Traceback (most recent call last):
[2025-11-11T20:14:33.706+0000] {subprocess.py:93} INFO -   File "<frozen runpy>", line 198, in _run_module_as_main
[2025-11-11T20:14:33.706+0000] {subprocess.py:93} INFO -   File "<frozen runpy>", line 88, in _run_code
[2025-11-11T20:14:33.707+0000] {subprocess.py:93} INFO -   File "/opt/airflow/src/pipeline/generator/energy_cons_generator.py", line 730, in <module>
[2025-11-11T20:14:33.709+0000] {subprocess.py:93} INFO -     main()
[2025-11-11T20:14:33.709+0000] {subprocess.py:93} INFO -   File "/opt/airflow/src/pipeline/generator/energy_cons_generator.py", line 665, in main
[2025-11-11T20:14:33.712+0000] {subprocess.py:93} INFO -     df = generate_building_data(weather_df, building_type, total_buildings + i)
[2025-11-11T20:14:33.713+0000] {subprocess.py:93} INFO -          ^^^^^^^^^^^^^^^^^^^^^^^^^^^^^^^^^^^^^^^^^^^^^^^^^^^^^^^^^^^^^^^^^^^^^^
[2025-11-11T20:14:33.713+0000] {subprocess.py:93} INFO -   File "/opt/airflow/src/pipeline/generator/energy_cons_generator.py", line 608, in generate_building_data
[2025-11-11T20:14:33.715+0000] {subprocess.py:93} INFO -     profile = generate_house_profile(building_number)
[2025-11-11T20:14:33.716+0000] {subprocess.py:93} INFO -               ^^^^^^^^^^^^^^^^^^^^^^^^^^^^^^^^^^^^^^^
[2025-11-11T20:14:33.716+0000] {subprocess.py:93} INFO -   File "/opt/airflow/src/pipeline/generator/energy_cons_generator.py", line 225, in generate_house_profile
[2025-11-11T20:14:33.718+0000] {subprocess.py:93} INFO -     profile_name = profile_distribution[house_id - 1]
[2025-11-11T20:14:33.719+0000] {subprocess.py:93} INFO -                    ~~~~~~~~~~~~~~~~~~~~^^^^^^^^^^^^^^
[2025-11-11T20:14:33.719+0000] {subprocess.py:93} INFO - IndexError: list index out of range
[2025-11-11T20:14:33.720+0000] {subprocess.py:93} INFO - ================================================================================
[2025-11-11T20:14:33.720+0000] {subprocess.py:93} INFO - 🚀 GÉNÉRATION RÉALISTE DES DONNÉES ÉNERGÉTIQUES
[2025-11-11T20:14:33.720+0000] {subprocess.py:93} INFO - ================================================================================
[2025-11-11T20:14:33.721+0000] {subprocess.py:93} INFO - 
[2025-11-11T20:14:33.721+0000] {subprocess.py:93} INFO - ================================================================================
[2025-11-11T20:14:33.721+0000] {subprocess.py:93} INFO - 📡 RÉCUPÉRATION DES DONNÉES MÉTÉO RÉELLES DEPUIS LA BASE
[2025-11-11T20:14:33.722+0000] {subprocess.py:93} INFO - ================================================================================
[2025-11-11T20:14:33.722+0000] {subprocess.py:93} INFO - 🔍 Exécution de la requête SQL...
[2025-11-11T20:14:33.722+0000] {subprocess.py:93} INFO - ✅ 16341 heures de données météo récupérées
[2025-11-11T20:14:33.723+0000] {subprocess.py:93} INFO - 📅 Période: 2024-01-01 00:00:00 → 2025-11-11 20:00:00
[2025-11-11T20:14:33.723+0000] {subprocess.py:93} INFO - 🌡️  Température: min=4.9°C, max=40.9°C
[2025-11-11T20:14:33.724+0000] {subprocess.py:93} INFO - 
[2025-11-11T20:14:33.724+0000] {subprocess.py:93} INFO - 📊 Génération de 1 Hospital(s):
[2025-11-11T20:14:33.725+0000] {subprocess.py:93} INFO -   ✓ Hospital
[2025-11-11T20:14:33.725+0000] {subprocess.py:93} INFO -     Jan:  289.6 | Apr:  297.1 | Jul:  336.3 | Oct:  322.5 | Dec:  289.9
[2025-11-11T20:14:33.725+0000] {subprocess.py:93} INFO - 
[2025-11-11T20:14:33.726+0000] {subprocess.py:93} INFO - 📊 Génération de 15 House(s):
[2025-11-11T20:14:33.726+0000] {subprocess.py:93} INFO -       Profile: summer_vacation | Vacations: [7, 8] | AC: True | Heating: electric
[2025-11-11T20:14:33.726+0000] {subprocess.py:93} INFO -   ✓ House1
[2025-11-11T20:14:33.727+0000] {subprocess.py:93} INFO -     Jan:   26.4 | Apr:   26.9 | Jul:   14.8 | Oct:   28.6 | Dec:   26.5
[2025-11-11T20:14:33.727+0000] {subprocess.py:93} INFO -       Profile: winter_vacation | Vacations: [12] | AC: False | Heating: gas
[2025-11-11T20:14:33.727+0000] {subprocess.py:93} INFO -   ✓ House2
[2025-11-11T20:14:33.728+0000] {subprocess.py:93} INFO -     Jan:   29.7 | Apr:   31.7 | Jul:   36.9 | Oct:   35.3 | Dec:   14.5
[2025-11-11T20:14:33.728+0000] {subprocess.py:93} INFO -       Profile: always_home_ac | Vacations: [] | AC: True | Heating: electric
[2025-11-11T20:14:33.729+0000] {subprocess.py:93} INFO -   ✓ House3
[2025-11-11T20:14:33.730+0000] {subprocess.py:93} INFO -     Jan:   30.2 | Apr:   30.7 | Jul:   35.9 | Oct:   33.1 | Dec:   30.2
[2025-11-11T20:14:33.730+0000] {subprocess.py:93} INFO -       Profile: always_home_ac | Vacations: [] | AC: True | Heating: electric
[2025-11-11T20:14:33.731+0000] {subprocess.py:93} INFO -   ✓ House4
[2025-11-11T20:14:33.732+0000] {subprocess.py:93} INFO -     Jan:   25.6 | Apr:   23.9 | Jul:   26.0 | Oct:   24.6 | Dec:   25.3
[2025-11-11T20:14:33.732+0000] {subprocess.py:93} INFO -       Profile: always_home_no_ac | Vacations: [] | AC: False | Heating: electric
[2025-11-11T20:14:33.733+0000] {subprocess.py:93} INFO -   ✓ House5
[2025-11-11T20:14:33.733+0000] {subprocess.py:93} INFO -     Jan:   24.2 | Apr:   20.6 | Jul:   20.2 | Oct:   19.9 | Dec:   23.9
[2025-11-11T20:14:33.733+0000] {subprocess.py:93} INFO -       Profile: always_home_no_ac | Vacations: [] | AC: False | Heating: electric
[2025-11-11T20:14:33.734+0000] {subprocess.py:93} INFO -   ✓ House6
[2025-11-11T20:14:33.734+0000] {subprocess.py:93} INFO -     Jan:   25.8 | Apr:   24.4 | Jul:   25.6 | Oct:   25.0 | Dec:   25.7
[2025-11-11T20:14:33.734+0000] {subprocess.py:93} INFO -       Profile: work_from_home | Vacations: [8] | AC: True | Heating: heatpump
[2025-11-11T20:14:33.735+0000] {subprocess.py:93} INFO -   ✓ House7
[2025-11-11T20:14:33.735+0000] {subprocess.py:93} INFO -     Jan:   25.1 | Apr:   24.7 | Jul:   28.5 | Oct:   26.2 | Dec:   25.0
[2025-11-11T20:14:33.735+0000] {subprocess.py:93} INFO -       Profile: work_from_home | Vacations: [8] | AC: True | Heating: heatpump
[2025-11-11T20:14:33.735+0000] {subprocess.py:93} INFO -   ✓ House8
[2025-11-11T20:14:33.736+0000] {subprocess.py:93} INFO -     Jan:   29.4 | Apr:   30.8 | Jul:   36.6 | Oct:   33.6 | Dec:   29.5
[2025-11-11T20:14:33.736+0000] {subprocess.py:93} INFO -       Profile: work_from_home | Vacations: [8] | AC: True | Heating: heatpump
[2025-11-11T20:14:33.736+0000] {subprocess.py:93} INFO -   ✓ House9
[2025-11-11T20:14:33.737+0000] {subprocess.py:93} INFO -     Jan:   29.5 | Apr:   31.0 | Jul:   37.2 | Oct:   33.9 | Dec:   29.4
[2025-11-11T20:14:33.737+0000] {subprocess.py:93} INFO -       Profile: student_house | Vacations: [7, 8, 12] | AC: False | Heating: gas
[2025-11-11T20:14:33.738+0000] {subprocess.py:93} INFO -   ✓ House10
[2025-11-11T20:14:33.739+0000] {subprocess.py:93} INFO -     Jan:   21.7 | Apr:   22.5 | Jul:   13.3 | Oct:   24.7 | Dec:   13.3
[2025-11-11T20:14:33.739+0000] {subprocess.py:93} INFO -       Profile: student_house | Vacations: [7, 8, 12] | AC: False | Heating: gas
[2025-11-11T20:14:33.740+0000] {subprocess.py:93} INFO -   ✓ House11
[2025-11-11T20:14:33.740+0000] {subprocess.py:93} INFO -     Jan:   19.0 | Apr:   18.5 | Jul:   12.1 | Oct:   19.8 | Dec:   12.1
[2025-11-11T20:14:33.741+0000] {subprocess.py:93} INFO -       Profile: large_family | Vacations: [7] | AC: True | Heating: electric
[2025-11-11T20:14:33.741+0000] {subprocess.py:93} INFO -   ✓ House12
[2025-11-11T20:14:33.741+0000] {subprocess.py:93} INFO -     Jan:   29.8 | Apr:   28.0 | Jul:   12.8 | Oct:   28.7 | Dec:   29.5
[2025-11-11T20:14:33.742+0000] {subprocess.py:93} INFO -       Profile: large_family | Vacations: [7] | AC: True | Heating: electric
[2025-11-11T20:14:33.742+0000] {subprocess.py:93} INFO -   ✓ House13
[2025-11-11T20:14:33.742+0000] {subprocess.py:93} INFO -     Jan:   35.6 | Apr:   37.3 | Jul:   16.2 | Oct:   40.1 | Dec:   35.9
[2025-11-11T20:14:33.743+0000] {subprocess.py:93} INFO -       Profile: large_family | Vacations: [7] | AC: True | Heating: electric
[2025-11-11T20:14:33.743+0000] {subprocess.py:93} INFO -   ✓ House14
[2025-11-11T20:14:33.743+0000] {subprocess.py:93} INFO -     Jan:   28.9 | Apr:   27.1 | Jul:   12.8 | Oct:   27.9 | Dec:   28.6
[2025-11-11T20:14:33.831+0000] {subprocess.py:97} INFO - Command exited with return code 1
[2025-11-11T20:14:33.854+0000] {taskinstance.py:3310} ERROR - Task failed with exception
Traceback (most recent call last):
  File "/home/airflow/.local/lib/python3.12/site-packages/airflow/models/taskinstance.py", line 762, in _execute_task
    result = _execute_callable(context=context, **execute_callable_kwargs)
             ^^^^^^^^^^^^^^^^^^^^^^^^^^^^^^^^^^^^^^^^^^^^^^^^^^^^^^^^^^^^^
  File "/home/airflow/.local/lib/python3.12/site-packages/airflow/models/taskinstance.py", line 733, in _execute_callable
    return ExecutionCallableRunner(
           ^^^^^^^^^^^^^^^^^^^^^^^^
  File "/home/airflow/.local/lib/python3.12/site-packages/airflow/utils/operator_helpers.py", line 252, in run
    return self.func(*args, **kwargs)
           ^^^^^^^^^^^^^^^^^^^^^^^^^^
  File "/home/airflow/.local/lib/python3.12/site-packages/airflow/models/baseoperator.py", line 406, in wrapper
    return func(self, *args, **kwargs)
           ^^^^^^^^^^^^^^^^^^^^^^^^^^^
  File "/home/airflow/.local/lib/python3.12/site-packages/airflow/operators/bash.py", line 249, in execute
    raise AirflowException(
airflow.exceptions.AirflowException: Bash command failed. The command returned a non-zero exit code 1.
[2025-11-11T20:14:33.886+0000] {taskinstance.py:1225} INFO - Marking task as UP_FOR_RETRY. dag_id=unified_weather_energy_pipeline, task_id=initial_energy_history, run_id=manual__2025-11-11T20:12:38.079204+00:00, execution_date=20251111T201238, start_date=20251111T201249, end_date=20251111T201433
[2025-11-11T20:14:33.921+0000] {taskinstance.py:340} INFO - ::group::Post task execution logs
[2025-11-11T20:14:33.922+0000] {standard_task_runner.py:124} ERROR - Failed to execute job 22 for task initial_energy_history (Bash command failed. The command returned a non-zero exit code 1.; 1825)
Traceback (most recent call last):
  File "/home/airflow/.local/lib/python3.12/site-packages/airflow/task/task_runner/standard_task_runner.py", line 117, in _start_by_fork
    ret = args.func(args, dag=self.dag)
          ^^^^^^^^^^^^^^^^^^^^^^^^^^^^^
  File "/home/airflow/.local/lib/python3.12/site-packages/airflow/cli/cli_config.py", line 49, in command
    return func(*args, **kwargs)
           ^^^^^^^^^^^^^^^^^^^^^
  File "/home/airflow/.local/lib/python3.12/site-packages/airflow/utils/cli.py", line 115, in wrapper
    return f(*args, **kwargs)
           ^^^^^^^^^^^^^^^^^^
  File "/home/airflow/.local/lib/python3.12/site-packages/airflow/cli/commands/task_command.py", line 483, in task_run
    task_return_code = _run_task_by_selected_method(args, _dag, ti)
                       ^^^^^^^^^^^^^^^^^^^^^^^^^^^^^^^^^^^^^^^^^^^^
  File "/home/airflow/.local/lib/python3.12/site-packages/airflow/cli/commands/task_command.py", line 256, in _run_task_by_selected_method
    return _run_raw_task(args, ti)
           ^^^^^^^^^^^^^^^^^^^^^^^
  File "/home/airflow/.local/lib/python3.12/site-packages/airflow/cli/commands/task_command.py", line 341, in _run_raw_task
    return ti._run_raw_task(
           ^^^^^^^^^^^^^^^^^
  File "/home/airflow/.local/lib/python3.12/site-packages/airflow/utils/session.py", line 97, in wrapper
    return func(*args, session=session, **kwargs)
           ^^^^^^^^^^^^^^^^^^^^^^^^^^^^^^^^^^^^^^
  File "/home/airflow/.local/lib/python3.12/site-packages/airflow/models/taskinstance.py", line 3004, in _run_raw_task
    return _run_raw_task(
           ^^^^^^^^^^^^^^
  File "/home/airflow/.local/lib/python3.12/site-packages/airflow/models/taskinstance.py", line 273, in _run_raw_task
    TaskInstance._execute_task_with_callbacks(
  File "/home/airflow/.local/lib/python3.12/site-packages/airflow/models/taskinstance.py", line 3158, in _execute_task_with_callbacks
    result = self._execute_task(context, task_orig)
             ^^^^^^^^^^^^^^^^^^^^^^^^^^^^^^^^^^^^^^
  File "/home/airflow/.local/lib/python3.12/site-packages/airflow/models/taskinstance.py", line 3182, in _execute_task
    return _execute_task(self, context, task_orig)
           ^^^^^^^^^^^^^^^^^^^^^^^^^^^^^^^^^^^^^^^
  File "/home/airflow/.local/lib/python3.12/site-packages/airflow/models/taskinstance.py", line 762, in _execute_task
    result = _execute_callable(context=context, **execute_callable_kwargs)
             ^^^^^^^^^^^^^^^^^^^^^^^^^^^^^^^^^^^^^^^^^^^^^^^^^^^^^^^^^^^^^
  File "/home/airflow/.local/lib/python3.12/site-packages/airflow/models/taskinstance.py", line 733, in _execute_callable
    return ExecutionCallableRunner(
           ^^^^^^^^^^^^^^^^^^^^^^^^
  File "/home/airflow/.local/lib/python3.12/site-packages/airflow/utils/operator_helpers.py", line 252, in run
    return self.func(*args, **kwargs)
           ^^^^^^^^^^^^^^^^^^^^^^^^^^
  File "/home/airflow/.local/lib/python3.12/site-packages/airflow/models/baseoperator.py", line 406, in wrapper
    return func(self, *args, **kwargs)
           ^^^^^^^^^^^^^^^^^^^^^^^^^^^
  File "/home/airflow/.local/lib/python3.12/site-packages/airflow/operators/bash.py", line 249, in execute
    raise AirflowException(
airflow.exceptions.AirflowException: Bash command failed. The command returned a non-zero exit code 1.
[2025-11-11T20:14:33.937+0000] {local_task_job_runner.py:266} INFO - Task exited with return code 1
[2025-11-11T20:14:33.969+0000] {taskinstance.py:3900} INFO - 0 downstream tasks scheduled from follow-on schedule check
[2025-11-11T20:14:33.971+0000] {local_task_job_runner.py:245} INFO - ::endgroup::
